0 info it worked if it ends with ok
1 verbose cli [ '/usr/bin/node', '/usr/bin/npm', 'start' ]
2 info using npm@3.5.2
3 info using node@v8.10.0
4 verbose run-script [ 'prestart', 'start', 'poststart' ]
5 info lifecycle projet-platine.angular@0.0.0~prestart: projet-platine.angular@0.0.0
6 silly lifecycle projet-platine.angular@0.0.0~prestart: no script for prestart, continuing
7 info lifecycle projet-platine.angular@0.0.0~start: projet-platine.angular@0.0.0
8 verbose lifecycle projet-platine.angular@0.0.0~start: unsafe-perm in lifecycle true
9 verbose lifecycle projet-platine.angular@0.0.0~start: PATH: /usr/share/npm/bin/node-gyp-bin:/local/cimetiere/hello/node_modules/.bin:/usr/local/sbin:/usr/local/bin:/usr/sbin:/usr/bin:/sbin:/bin:/usr/games:/usr/local/games:/local/AndroidSDK/tools:/local/AndroidSDK/platform-tools:/snap/bin:/usr/lib/jvm/java-8-oracle/bin:/usr/lib/jvm/java-8-oracle/db/bin:/usr/lib/jvm/java-8-oracle/jre/bin:/opt/mongodb-linux-x86_64-3.4.4/bin:/opt/puppetlabs/bin:/opt/oracle/instantclient_11_2:/opt/oracle/sqldeveloper/sqldeveloper/bin:/local/AndroidSDK/tools:/local/AndroidSDK/platform-tools:/usr/lib/jvm/java-8-oracle/bin:/usr/lib/jvm/java-8-oracle/db/bin:/usr/lib/jvm/java-8-oracle/jre/bin:/opt/oracle/instantclient_11_2:/opt/oracle/sqldeveloper/sqldeveloper/bin:/local/AndroidSDK/tools:/local/AndroidSDK/platform-tools:/usr/lib/jvm/java-8-oracle/bin:/usr/lib/jvm/java-8-oracle/db/bin:/usr/lib/jvm/java-8-oracle/jre/bin:/opt/oracle/instantclient_11_2:/opt/oracle/sqldeveloper/sqldeveloper/bin
10 verbose lifecycle projet-platine.angular@0.0.0~start: CWD: /local/cimetiere/hello
11 silly lifecycle projet-platine.angular@0.0.0~start: Args: [ '-c',
11 silly lifecycle   'concurrently "npm:start_server" "npm:start_app" "mysql -h localhost -u root -pC1996simon"' ]
12 info lifecycle projet-platine.angular@0.0.0~start: Failed to exec start script
13 verbose stack Error: projet-platine.angular@0.0.0 start: `concurrently "npm:start_server" "npm:start_app" "mysql -h localhost -u root -pC1996simon"`
13 verbose stack spawn ENOENT
13 verbose stack     at ChildProcess.<anonymous> (/usr/share/npm/lib/utils/spawn.js:17:16)
13 verbose stack     at emitTwo (events.js:126:13)
13 verbose stack     at ChildProcess.emit (events.js:214:7)
13 verbose stack     at maybeClose (internal/child_process.js:925:16)
13 verbose stack     at Process.ChildProcess._handle.onexit (internal/child_process.js:209:5)
14 verbose pkgid projet-platine.angular@0.0.0
15 verbose cwd /local/cimetiere/hello
16 error Linux 4.15.0-23-generic
17 error argv "/usr/bin/node" "/usr/bin/npm" "start"
18 error node v8.10.0
19 error npm  v3.5.2
20 error file sh
21 error code ELIFECYCLE
22 error errno ENOENT
23 error syscall spawn
24 error projet-platine.angular@0.0.0 start: `concurrently "npm:start_server" "npm:start_app" "mysql -h localhost -u root -pC1996simon"`
24 error spawn ENOENT
25 error Failed at the projet-platine.angular@0.0.0 start script 'concurrently "npm:start_server" "npm:start_app" "mysql -h localhost -u root -pC1996simon"'.
25 error Make sure you have the latest version of node.js and npm installed.
25 error If you do, this is most likely a problem with the projet-platine.angular package,
25 error not with npm itself.
25 error Tell the author that this fails on your system:
25 error     concurrently "npm:start_server" "npm:start_app" "mysql -h localhost -u root -pC1996simon"
25 error You can get information on how to open an issue for this project with:
25 error     npm bugs projet-platine.angular
25 error Or if that isn't available, you can get their info via:
25 error     npm owner ls projet-platine.angular
25 error There is likely additional logging output above.
26 verbose exit [ 1, true ]
